tmp/and-nd-firebase-1.00-starting-point/app/outputs/logs/manifest-merger-debug-report.txt
-- Merging decision tree log ---
manifest
ADDED from src\main\AndroidManifest.xml:2:1-21:12
	package
		ADDED from src\main\AndroidManifest.xml:3:5-55
		INJECTED from src\main\AndroidManifest.xml
		INJECTED from src\main\AndroidManifest.xml
	android:versionName
		INJECTED from src\main\AndroidManifest.xml
		INJECTED from src\main\AndroidManifest.xml
	xmlns:android
		ADDED from src\main\AndroidManifest.xml:2:11-69
	android:versionCode
		INJECTED from src\main\AndroidManifest.xml
		INJECTED from src\main\AndroidManifest.xml
application
ADDED from src\main\AndroidManifest.xml:5:5-19:19
MERGED from [com.google.firebase:firebase-core:11.2.2] AndroidManifest.xml:5:5-20
MERGED from [com.google.firebase:firebase-analytics:11.2.2] AndroidManifest.xml:24:5-34:19
MERGED from [com.google.firebase:firebase-analytics-impl:11.2.2] AndroidManifest.xml:24:5-28:19
MERGED from [com.google.firebase:firebase-iid:11.2.2] AndroidManifest.xml:28:5-49:19
MERGED from [com.firebaseui:firebase-ui-auth:2.3.0] AndroidManifest.xml:15:5-77:19
MERGED from [com.android.support:design:26.0.1] AndroidManifest.xml:25:5-29:19
MERGED from [com.android.support:appcompat-v7:26.0.1] AndroidManifest.xml:25:5-29:19
MERGED from [com.android.support:animated-vector-drawable:26.0.1] AndroidManifest.xml:22:5-26:19
MERGED from [com.android.support:support-vector-drawable:26.0.1] AndroidManifest.xml:22:5-26:19
MERGED from [com.android.support:recyclerview-v7:26.0.1] AndroidManifest.xml:22:5-26:19
MERGED from [com.android.support:transition:26.0.1] AndroidManifest.xml:22:5-26:19
MERGED from [com.android.support:customtabs:26.0.1] AndroidManifest.xml:22:5-26:19
MERGED from [com.android.support.constraint:constraint-layout:1.1.0-beta1] AndroidManifest.xml:9:5-20
MERGED from [com.google.firebase:firebase-auth:11.2.2] AndroidManifest.xml:19:5-20:19
MERGED from [com.google.firebase:firebase-common:11.2.2] AndroidManifest.xml:4:5-7:19
MERGED from [com.android.support:cardview-v7:26.0.1] AndroidManifest.xml:22:5-26:19
MERGED from [com.google.android.gms:play-services-auth:11.2.2] AndroidManifest.xml:19:5-25:19
MERGED from [com.google.android.gms:play-services-base:11.2.2] AndroidManifest.xml:18:5-20:19
MERGED from [com.google.android.gms:play-services-tasks:11.2.2] AndroidManifest.xml:4:5-19
MERGED from [com.google.android.gms:play-services-basement:11.2.2] AndroidManifest.xml:19:5-21:19
MERGED from [com.android.support:support-v4:26.0.1] AndroidManifest.xml:25:5-29:19
MERGED from [com.android.support:support-media-compat:26.0.1] AndroidManifest.xml:25:5-29:19
MERGED from [com.android.support:support-fragment:26.0.1] AndroidManifest.xml:25:5-29:19
MERGED from [com.android.support:support-core-ui:26.0.1] AndroidManifest.xml:25:5-29:19
MERGED from [com.android.support:support-core-utils:26.0.1] AndroidManifest.xml:25:5-29:19
MERGED from [com.android.support:support-compat:26.0.1] AndroidManifest.xml:25:5-29:19
	android:label
		ADDED from src\main\AndroidManifest.xml:8:9-41
	android:supportsRtl
		ADDED from src\main\AndroidManifest.xml:9:9-35
	android:allowBackup
		ADDED from src\main\AndroidManifest.xml:6:9-35
	android:icon
		ADDED from src\main\AndroidManifest.xml:7:9-43
	android:theme
		ADDED from src\main\AndroidManifest.xml:10:9-40
activity#com.google.firebase.udacity.friendlychat.MainActivity
ADDED from src\main\AndroidManifest.xml:11:9-17:20
	android:name
		ADDED from src\main\AndroidManifest.xml:11:19-87
intent-filter#android.intent.action.MAIN+android.intent.category.LAUNCHER
ADDED from src\main\AndroidManifest.xml:12:13-16:29
action#android.intent.action.MAIN
ADDED from src\main\AndroidManifest.xml:13:17-69
	android:name
		ADDED from src\main\AndroidManifest.xml:13:25-66
category#android.intent.category.LAUNCHER
ADDED from src\main\AndroidManifest.xml:15:17-77
	android:name
		ADDED from src\main\AndroidManifest.xml:15:27-74
uses-sdk
INJECTED from src\main\AndroidManifest.xml reason: use-sdk injection requested
MERGED from [com.google.firebase:firebase-database:11.2.2] AndroidManifest.xml:3:5-43
MERGED from [com.google.firebase:firebase-database-connection:11.2.2] AndroidManifest.xml:3:5-43
MERGED from [com.google.firebase:firebase-core:11.2.2] AndroidManifest.xml:4:5-43
MERGED from [com.google.firebase:firebase-analytics:11.2.2] AndroidManifest.xml:17:5-43
MERGED from [com.google.firebase:firebase-analytics-impl:11.2.2] AndroidManifest.xml:17:5-43
MERGED from [com.google.firebase:firebase-iid:11.2.2] AndroidManifest.xml:17:5-43
MERGED from [com.firebaseui:firebase-ui-auth:2.3.0] AndroidManifest.xml:8:5-10:41
MERGED from [com.android.support:design:26.0.1] AndroidManifest.xml:21:5-23:62
MERGED from [com.android.support:appcompat-v7:26.0.1] AndroidManifest.xml:21:5-23:78
MERGED from [com.android.support:animated-vector-drawable:26.0.1] AndroidManifest.xml:20:5-44
MERGED from [com.android.support:support-vector-drawable:26.0.1] AndroidManifest.xml:20:5-44
MERGED from [com.android.support:recyclerview-v7:26.0.1] AndroidManifest.xml:20:5-44
MERGED from [com.android.support:transition:26.0.1] AndroidManifest.xml:20:5-44
MERGED from [com.android.support:customtabs:26.0.1] AndroidManifest.xml:20:5-44
MERGED from [com.android.support.constraint:constraint-layout:1.1.0-beta1] AndroidManifest.xml:5:5-7:41
MERGED from [com.google.firebase:firebase-auth:11.2.2] AndroidManifest.xml:17:5-43
MERGED from [com.google.firebase:firebase-common:11.2.2] AndroidManifest.xml:3:5-43
MERGED from [com.android.support:cardview-v7:26.0.1] AndroidManifest.xml:20:5-44
MERGED from [com.google.android.gms:play-services-auth:11.2.2] AndroidManifest.xml:17:5-43
MERGED from [com.google.android.gms:play-services-auth-api-phone:11.2.2] AndroidManifest.xml:3:3-41
MERGED from [com.google.android.gms:play-services-auth-base:11.2.2] AndroidManifest.xml:4:5-43
MERGED from [com.google.android.gms:play-services-base:11.2.2] AndroidManifest.xml:17:5-43
MERGED from [com.google.android.gms:play-services-tasks:11.2.2] AndroidManifest.xml:3:5-43
MERGED from [com.google.android.gms:play-services-basement:11.2.2] AndroidManifest.xml:17:5-43
MERGED from [com.android.support:support-v4:26.0.1] AndroidManifest.xml:21:5-23:54
MERGED from [com.android.support:support-media-compat:26.0.1] AndroidManifest.xml:21:5-23:63
MERGED from [com.android.support:support-fragment:26.0.1] AndroidManifest.xml:21:5-23:60
MERGED from [com.android.support:support-core-ui:26.0.1] AndroidManifest.xml:21:5-23:58
MERGED from [com.android.support:support-core-utils:26.0.1] AndroidManifest.xml:21:5-23:61
MERGED from [com.android.support:support-compat:26.0.1] AndroidManifest.xml:21:5-23:58
	tools:overrideLibrary
		ADDED from [com.android.support:design:26.0.1] AndroidManifest.xml:23:9-59
	android:targetSdkVersion
		INJECTED from src\main\AndroidManifest.xml
		INJECTED from src\main\AndroidManifest.xml
	android:minSdkVersion
		INJECTED from src\main\AndroidManifest.xml
		INJECTED from src\main\AndroidManifest.xml
uses-permission#android.permission.INTERNET
ADDED from [com.google.firebase:firebase-analytics:11.2.2] AndroidManifest.xml:20:5-66
MERGED from [com.google.firebase:firebase-analytics-impl:11.2.2] AndroidManifest.xml:20:5-66
MERGED from [com.google.firebase:firebase-iid:11.2.2] AndroidManifest.xml:20:5-66
MERGED from [com.firebaseui:firebase-ui-auth:2.3.0] AndroidManifest.xml:13:5-67
	android:name
		ADDED from [com.google.firebase:firebase-analytics:11.2.2] AndroidManifest.xml:20:22-64
uses-permission#android.permission.ACCESS_NETWORK_STATE
ADDED from [com.google.firebase:firebase-analytics:11.2.2] AndroidManifest.xml:21:5-78
MERGED from [com.google.firebase:firebase-analytics-impl:11.2.2] AndroidManifest.xml:21:5-78
MERGED from [com.google.firebase:firebase-iid:11.2.2] AndroidManifest.xml:19:5-78
MERGED from [com.firebaseui:firebase-ui-auth:2.3.0] AndroidManifest.xml:12:5-79
	android:name
		ADDED from [com.google.firebase:firebase-analytics:11.2.2] AndroidManifest.xml:21:22-76
uses-permission#android.permission.WAKE_LOCK
ADDED from [com.google.firebase:firebase-analytics:11.2.2] AndroidManifest.xml:22:5-67
MERGED from [com.google.firebase:firebase-analytics-impl:11.2.2] AndroidManifest.xml:22:5-67
MERGED from [com.google.firebase:firebase-iid:11.2.2] AndroidManifest.xml:21:5-67
	android:name
		ADDED from [com.google.firebase:firebase-analytics:11.2.2] AndroidManifest.xml:22:22-65
receiver#com.google.android.gms.measurement.AppMeasurementReceiver
ADDED from [com.google.firebase:firebase-analytics:11.2.2] AndroidManifest.xml:25:7-26:18
MERGED from [com.google.firebase:firebase-analytics-impl:11.2.2] AndroidManifest.xml:25:7-26:18
	android:enabled
		ADDED from [com.google.firebase:firebase-analytics:11.2.2] AndroidManifest.xml:25:90-112
	android:exported
		ADDED from [com.google.firebase:firebase-analytics:11.2.2] AndroidManifest.xml:25:113-137
	android:name
		ADDED from [com.google.firebase:firebase-analytics:11.2.2] AndroidManifest.xml:25:17-89
receiver#com.google.android.gms.measurement.AppMeasurementInstallReferrerReceiver
ADDED from [com.google.firebase:firebase-analytics:11.2.2] AndroidManifest.xml:27:7-31:18
	android:enabled
		ADDED from [com.google.firebase:firebase-analytics:11.2.2] AndroidManifest.xml:27:162-184
	android:exported
		ADDED from [com.google.firebase:firebase-analytics:11.2.2] AndroidManifest.xml:27:185-208
	android:permission
		ADDED from [com.google.firebase:firebase-analytics:11.2.2] AndroidManifest.xml:27:105-161
	android:name
		ADDED from [com.google.firebase:firebase-analytics:11.2.2] AndroidManifest.xml:27:17-104
intent-filter#com.android.vending.INSTALL_REFERRER
ADDED from [com.google.firebase:firebase-analytics:11.2.2] AndroidManifest.xml:28:11-30:27
action#com.android.vending.INSTALL_REFERRER
ADDED from [com.google.firebase:firebase-analytics:11.2.2] AndroidManifest.xml:29:15-76
	android:name
		ADDED from [com.google.firebase:firebase-analytics:11.2.2] AndroidManifest.xml:29:23-74
service#com.google.android.gms.measurement.AppMeasurementService
ADDED from [com.google.firebase:firebase-analytics:11.2.2] AndroidManifest.xml:32:7-137
MERGED from [com.google.firebase:firebase-analytics-impl:11.2.2] AndroidManifest.xml:27:7-137
	android:enabled
		ADDED from [com.google.firebase:firebase-analytics:11.2.2] AndroidManifest.xml:32:88-110
	android:exported
		ADDED from [com.google.firebase:firebase-analytics:11.2.2] AndroidManifest.xml:32:111-135
	android:name
		ADDED from [com.google.firebase:firebase-analytics:11.2.2] AndroidManifest.xml:32:16-87
service#com.google.android.gms.measurement.AppMeasurementJobService
ADDED from [com.google.firebase:firebase-analytics:11.2.2] AndroidManifest.xml:33:7-197
	android:enabled
		ADDED from [com.google.firebase:firebase-analytics:11.2.2] AndroidManifest.xml:33:148-170
	android:exported
		ADDED from [com.google.firebase:firebase-analytics:11.2.2] AndroidManifest.xml:33:171-195
	android:permission
		ADDED from [com.google.firebase:firebase-analytics:11.2.2] AndroidManifest.xml:33:91-147
	android:name
		ADDED from [com.google.firebase:firebase-analytics:11.2.2] AndroidManifest.xml:33:16-90
uses-permission#com.google.android.c2dm.permission.RECEIVE
ADDED from [com.google.firebase:firebase-iid:11.2.2] AndroidManifest.xml:22:5-81
	android:name
		ADDED from [com.google.firebase:firebase-iid:11.2.2] AndroidManifest.xml:22:22-79
permission#${applicationId}.permission.C2D_MESSAGE
ADDED from [com.google.firebase:firebase-iid:11.2.2] AndroidManifest.xml:24:5-109
	android:protectionLevel
		ADDED from [com.google.firebase:firebase-iid:11.2.2] AndroidManifest.xml:24:72-107
	android:name
		ADDED from [com.google.firebase:firebase-iid:11.2.2] AndroidManifest.xml:24:17-71
uses-permission#${applicationId}.permission.C2D_MESSAGE
ADDED from [com.google.firebase:firebase-iid:11.2.2] AndroidManifest.xml:26:5-78
	android:name
		ADDED from [com.google.firebase:firebase-iid:11.2.2] AndroidManifest.xml:26:22-76
receiver#com.google.firebase.iid.FirebaseInstanceIdReceiver
ADDED from [com.google.firebase:firebase-iid:11.2.2] AndroidManifest.xml:30:9-35:20
	android:exported
		ADDED from [com.google.firebase:firebase-iid:11.2.2] AndroidManifest.xml:30:85-108
	android:permission
		ADDED from [com.google.firebase:firebase-iid:11.2.2] AndroidManifest.xml:30:109-169
	android:name
		ADDED from [com.google.firebase:firebase-iid:11.2.2] AndroidManifest.xml:30:19-84
intent-filter#${applicationId}+com.google.android.c2dm.intent.RECEIVE
ADDED from [com.google.firebase:firebase-iid:11.2.2] AndroidManifest.xml:31:13-34:29
action#com.google.android.c2dm.intent.RECEIVE
ADDED from [com.google.firebase:firebase-iid:11.2.2] AndroidManifest.xml:32:17-80
	android:name
		ADDED from [com.google.firebase:firebase-iid:11.2.2] AndroidManifest.xml:32:25-78
category#${applicationId}
ADDED from [com.google.firebase:firebase-iid:11.2.2] AndroidManifest.xml:33:17-60
	android:name
		ADDED from [com.google.firebase:firebase-iid:11.2.2] AndroidManifest.xml:33:27-58
receiver#com.google.firebase.iid.FirebaseInstanceIdInternalReceiver
ADDED from [com.google.firebase:firebase-iid:11.2.2] AndroidManifest.xml:39:9-119
	android:exported
		ADDED from [com.google.firebase:firebase-iid:11.2.2] AndroidManifest.xml:39:93-117
	android:name
		ADDED from [com.google.firebase:firebase-iid:11.2.2] AndroidManifest.xml:39:19-92
service#com.google.firebase.iid.FirebaseInstanceIdService
ADDED from [com.google.firebase:firebase-iid:11.2.2] AndroidManifest.xml:43:9-47:19
	android:exported
		ADDED from [com.google.firebase:firebase-iid:11.2.2] AndroidManifest.xml:43:83-106
	android:name
		ADDED from [com.google.firebase:firebase-iid:11.2.2] AndroidManifest.xml:43:18-82
intent-filter#com.google.firebase.INSTANCE_ID_EVENT
ADDED from [com.google.firebase:firebase-iid:11.2.2] AndroidManifest.xml:44:13-46:29
	android:priority
		ADDED from [com.google.firebase:firebase-iid:11.2.2] AndroidManifest.xml:44:28-51
action#com.google.firebase.INSTANCE_ID_EVENT
ADDED from [com.google.firebase:firebase-iid:11.2.2] AndroidManifest.xml:45:17-79
	android:name
		ADDED from [com.google.firebase:firebase-iid:11.2.2] AndroidManifest.xml:45:25-77
meta-data#com.google.android.gms.version
ADDED from [com.firebaseui:firebase-ui-auth:2.3.0] AndroidManifest.xml:16:9-18:69
MERGED from [com.google.android.gms:play-services-basement:11.2.2] AndroidManifest.xml:20:9-121
	android:value
		ADDED from [com.firebaseui:firebase-ui-auth:2.3.0] AndroidManifest.xml:18:13-66
	android:name
		ADDED from [com.firebaseui:firebase-ui-auth:2.3.0] AndroidManifest.xml:17:13-58
meta-data#io.fabric.ApiKey
ADDED from [com.firebaseui:firebase-ui-auth:2.3.0] AndroidManifest.xml:19:9-21:63
	android:value
		ADDED from [com.firebaseui:firebase-ui-auth:2.3.0] AndroidManifest.xml:21:13-60
	android:name
		ADDED from [com.firebaseui:firebase-ui-auth:2.3.0] AndroidManifest.xml:20:13-44
meta-data#com.facebook.sdk.ApplicationId
ADDED from [com.firebaseui:firebase-ui-auth:2.3.0] AndroidManifest.xml:22:9-24:63
	android:value
		ADDED from [com.firebaseui:firebase-ui-auth:2.3.0] AndroidManifest.xml:24:13-60
	android:name
		ADDED from [com.firebaseui:firebase-ui-auth:2.3.0] AndroidManifest.xml:23:13-58
meta-data#com.facebook.sdk.AutoLogAppEventsEnabled
ADDED from [com.firebaseui:firebase-ui-auth:2.3.0] AndroidManifest.xml:25:9-27:36
	android:value
		ADDED from [com.firebaseui:firebase-ui-auth:2.3.0] AndroidManifest.xml:27:13-33
	android:name
		ADDED from [com.firebaseui:firebase-ui-auth:2.3.0] AndroidManifest.xml:26:13-68
activity#com.firebase.ui.auth.KickoffActivity
ADDED from [com.firebaseui:firebase-ui-auth:2.3.0] AndroidManifest.xml:29:9-33:61
	android:label
		ADDED from [com.firebaseui:firebase-ui-auth:2.3.0] AndroidManifest.xml:32:13-29
	android:exported
		ADDED from [com.firebaseui:firebase-ui-auth:2.3.0] AndroidManifest.xml:31:13-37
	android:theme
		ADDED from [com.firebaseui:firebase-ui-auth:2.3.0] AndroidManifest.xml:33:13-58
	android:name
		ADDED from [com.firebaseui:firebase-ui-auth:2.3.0] AndroidManifest.xml:30:13-64
activity#com.firebase.ui.auth.ui.email.RecoverPasswordActivity
ADDED from [com.firebaseui:firebase-ui-auth:2.3.0] AndroidManifest.xml:34:9-37:75
	android:label
		ADDED from [com.firebaseui:firebase-ui-auth:2.3.0] AndroidManifest.xml:37:13-72
	android:exported
		ADDED from [com.firebaseui:firebase-ui-auth:2.3.0] AndroidManifest.xml:36:13-37
	android:name
		ADDED from [com.firebaseui:firebase-ui-auth:2.3.0] AndroidManifest.xml:35:13-81
activity#com.firebase.ui.auth.ui.email.RegisterEmailActivity
ADDED from [com.firebaseui:firebase-ui-auth:2.3.0] AndroidManifest.xml:38:9-41:59
	android:label
		ADDED from [com.firebaseui:firebase-ui-auth:2.3.0] AndroidManifest.xml:41:13-56
	android:exported
		ADDED from [com.firebaseui:firebase-ui-auth:2.3.0] AndroidManifest.xml:40:13-37
	android:name
		ADDED from [com.firebaseui:firebase-ui-auth:2.3.0] AndroidManifest.xml:39:13-79
activity#com.firebase.ui.auth.ui.phone.PhoneVerificationActivity
ADDED from [com.firebaseui:firebase-ui-auth:2.3.0] AndroidManifest.xml:42:9-46:64
	android:label
		ADDED from [com.firebaseui:firebase-ui-auth:2.3.0] AndroidManifest.xml:45:13-66
	android:exported
		ADDED from [com.firebaseui:firebase-ui-auth:2.3.0] AndroidManifest.xml:44:13-37
	android:windowSoftInputMode
		ADDED from [com.firebaseui:firebase-ui-auth:2.3.0] AndroidManifest.xml:46:13-61
	android:name
		ADDED from [com.firebaseui:firebase-ui-auth:2.3.0] AndroidManifest.xml:43:13-83
activity#com.firebase.ui.auth.ui.accountlink.WelcomeBackIdpPrompt
ADDED from [com.firebaseui:firebase-ui-auth:2.3.0] AndroidManifest.xml:47:9-50:73
	android:label
		ADDED from [com.firebaseui:firebase-ui-auth:2.3.0] AndroidManifest.xml:50:13-70
	android:exported
		ADDED from [com.firebaseui:firebase-ui-auth:2.3.0] AndroidManifest.xml:49:13-37
	android:name
		ADDED from [com.firebaseui:firebase-ui-auth:2.3.0] AndroidManifest.xml:48:13-84
activity#com.firebase.ui.auth.ui.accountlink.WelcomeBackPasswordPrompt
ADDED from [com.firebaseui:firebase-ui-auth:2.3.0] AndroidManifest.xml:51:9-54:78
	android:label
		ADDED from [com.firebaseui:firebase-ui-auth:2.3.0] AndroidManifest.xml:54:13-75
	android:exported
		ADDED from [com.firebaseui:firebase-ui-auth:2.3.0] AndroidManifest.xml:53:13-37
	android:name
		ADDED from [com.firebaseui:firebase-ui-auth:2.3.0] AndroidManifest.xml:52:13-89
activity#com.firebase.ui.auth.ui.idp.AuthMethodPickerActivity
ADDED from [com.firebaseui:firebase-ui-auth:2.3.0] AndroidManifest.xml:55:9-58:65
	android:label
		ADDED from [com.firebaseui:firebase-ui-auth:2.3.0] AndroidManifest.xml:58:13-62
	android:exported
		ADDED from [com.firebaseui:firebase-ui-auth:2.3.0] AndroidManifest.xml:57:13-37
	android:name
		ADDED from [com.firebaseui:firebase-ui-auth:2.3.0] AndroidManifest.xml:56:13-80
activity#com.facebook.FacebookActivity
ADDED from [com.firebaseui:firebase-ui-auth:2.3.0] AndroidManifest.xml:59:9-63:48
	android:label
		ADDED from [com.firebaseui:firebase-ui-auth:2.3.0] AndroidManifest.xml:62:13-45
	tools:ignore
		ADDED from [com.firebaseui:firebase-ui-auth:2.3.0] AndroidManifest.xml:63:13-45
	android:configChanges
		ADDED from [com.firebaseui:firebase-ui-auth:2.3.0] AndroidManifest.xml:61:13-96
	android:name
		ADDED from [com.firebaseui:firebase-ui-auth:2.3.0] AndroidManifest.xml:60:13-57
activity#com.facebook.CustomTabActivity
ADDED from [com.firebaseui:firebase-ui-auth:2.3.0] AndroidManifest.xml:64:9-76:20
	android:exported
		ADDED from [com.firebaseui:firebase-ui-auth:2.3.0] AndroidManifest.xml:66:13-36
	tools:ignore
		ADDED from [com.firebaseui:firebase-ui-auth:2.3.0] AndroidManifest.xml:67:13-45
	android:name
		ADDED from [com.firebaseui:firebase-ui-auth:2.3.0] AndroidManifest.xml:65:13-58
intent-filter#android.intent.action.VIEW+android.intent.category.BROWSABLE+android.intent.category.DEFAULT
ADDED from [com.firebaseui:firebase-ui-auth:2.3.0] AndroidManifest.xml:68:13-75:29
action#android.intent.action.VIEW
ADDED from [com.firebaseui:firebase-ui-auth:2.3.0] AndroidManifest.xml:69:17-69
	android:name
		ADDED from [com.firebaseui:firebase-ui-auth:2.3.0] AndroidManifest.xml:69:25-66
category#android.intent.category.DEFAULT
ADDED from [com.firebaseui:firebase-ui-auth:2.3.0] AndroidManifest.xml:71:17-76
	android:name
		ADDED from [com.firebaseui:firebase-ui-auth:2.3.0] AndroidManifest.xml:71:27-73
category#android.intent.category.BROWSABLE
ADDED from [com.firebaseui:firebase-ui-auth:2.3.0] AndroidManifest.xml:72:17-78
	android:name
		ADDED from [com.firebaseui:firebase-ui-auth:2.3.0] AndroidManifest.xml:72:27-75
data
ADDED from [com.firebaseui:firebase-ui-auth:2.3.0] AndroidManifest.xml:74:17-81
	android:scheme
		ADDED from [com.firebaseui:firebase-ui-auth:2.3.0] AndroidManifest.xml:74:23-78
meta-data#android.support.VERSION
ADDED from [com.android.support:design:26.0.1] AndroidManifest.xml:26:9-28:38
MERGED from [com.android.support:appcompat-v7:26.0.1] AndroidManifest.xml:26:9-28:38
MERGED from [com.android.support:animated-vector-drawable:26.0.1] AndroidManifest.xml:23:9-25:38
MERGED from [com.android.support:support-vector-drawable:26.0.1] AndroidManifest.xml:23:9-25:38
MERGED from [com.android.support:recyclerview-v7:26.0.1] AndroidManifest.xml:23:9-25:38
MERGED from [com.android.support:transition:26.0.1] AndroidManifest.xml:23:9-25:38
MERGED from [com.android.support:customtabs:26.0.1] AndroidManifest.xml:23:9-25:38
MERGED from [com.android.support:cardview-v7:26.0.1] AndroidManifest.xml:23:9-25:38
MERGED from [com.android.support:support-v4:26.0.1] AndroidManifest.xml:26:9-28:38
MERGED from [com.android.support:support-media-compat:26.0.1] AndroidManifest.xml:26:9-28:38
MERGED from [com.android.support:support-fragment:26.0.1] AndroidManifest.xml:26:9-28:38
MERGED from [com.android.support:support-core-ui:26.0.1] AndroidManifest.xml:26:9-28:38
MERGED from [com.android.support:support-core-utils:26.0.1] AndroidManifest.xml:26:9-28:38
MERGED from [com.android.support:support-compat:26.0.1] AndroidManifest.xml:26:9-28:38
	android:value
		ADDED from [com.android.support:design:26.0.1] AndroidManifest.xml:28:13-35
	android:name
		ADDED from [com.android.support:design:26.0.1] AndroidManifest.xml:27:13-51
provider#com.google.firebase.provider.FirebaseInitProvider
ADDED from [com.google.firebase:firebase-common:11.2.2] AndroidManifest.xml:6:9-194
	android:authorities
		ADDED from [com.google.firebase:firebase-common:11.2.2] AndroidManifest.xml:6:19-78
	android:exported
		ADDED from [com.google.firebase:firebase-common:11.2.2] AndroidManifest.xml:6:144-168
	android:initOrder
		ADDED from [com.google.firebase:firebase-common:11.2.2] AndroidManifest.xml:6:169-192
	android:name
		ADDED from [com.google.firebase:firebase-common:11.2.2] AndroidManifest.xml:6:79-143
activity#com.google.android.gms.auth.api.signin.internal.SignInHubActivity
ADDED from [com.google.android.gms:play-services-auth:11.2.2] AndroidManifest.xml:20:9-189
	android:excludeFromRecents
		ADDED from [com.google.android.gms:play-services-auth:11.2.2] AndroidManifest.xml:20:129-162
	android:exported
		ADDED from [com.google.android.gms:play-services-auth:11.2.2] AndroidManifest.xml:20:163-187
	android:theme
		ADDED from [com.google.android.gms:play-services-auth:11.2.2] AndroidManifest.xml:20:69-128
	android:name
		ADDED from [com.google.android.gms:play-services-auth:11.2.2] AndroidManifest.xml:20:19-68
service#com.google.android.gms.auth.api.signin.RevocationBoundService
ADDED from [com.google.android.gms:play-services-auth:11.2.2] AndroidManifest.xml:24:9-184
	android:exported
		ADDED from [com.google.android.gms:play-services-auth:11.2.2] AndroidManifest.xml:24:64-87
	android:permission
		ADDED from [com.google.android.gms:play-services-auth:11.2.2] AndroidManifest.xml:24:88-182
	android:name
		ADDED from [com.google.android.gms:play-services-auth:11.2.2] AndroidManifest.xml:24:18-63
activity#com.google.android.gms.common.api.GoogleApiActivity
ADDED from [com.google.android.gms:play-services-base:11.2.2] AndroidManifest.xml:19:9-172
	android:exported
		ADDED from [com.google.android.gms:play-services-base:11.2.2] AndroidManifest.xml:19:146-170
	android:theme
		ADDED from [com.google.android.gms:play-services-base:11.2.2] AndroidManifest.xml:19:86-145
	android:name
		ADDED from [com.google.android.gms:play-services-base:11.2.2] AndroidManifest.xml:19:19-85